<?xml version="1.0" encoding="UTF-8"?>
<testsuite xmlns:xsi="http://www.w3.org/2001/XMLSchema-instance" xsi:noNamespaceSchemaLocation="https://maven.apache.org/surefire/maven-surefire-plugin/xsd/surefire-test-report.xsd" name="xyRedis.config.RedisTest" time="2.64" tests="2" errors="0" skipped="0" failures="0">
  <properties>
[...]
</properties>
  <testcase name="redisTemplateTest" classname="xyRedis.config.RedisTest" time="0.391"/>
  <testcase name="JedisConfigTest" classname="xyRedis.config.RedisTest" time="0.1"/>
</testsuite>